<?xml version="1.0" encoding="UTF-8"?>
<robot generator="Robot 7.0 (Python 3.12.0 on win32)" generated="2024-11-13T22:24:54.614184" rpa="false" schemaversion="5">
<suite id="s1" name="TC - Cadastro de usuario exception" source="C:\Projetos Th\Projeto automação\English Pass\Test\Cadastro\TC - Cadastro de usuario exception.robot">
<test id="s1-t1" name="TC02 - Cadastrar usuário com nome inváldo" line="9">
<kw name="Dado que acesso o site English Pass para realizar o cadastro" owner="settings" type="SETUP">
<kw name="Acessar Site" owner="settings">
<kw name="Open Browser" owner="SeleniumLibrary">
<msg time="2024-11-13T22:24:55.047130" level="INFO">Opening browser 'gc' to base url 'https://qastage.buildbox.one/18/cadastro/'.</msg>
<arg>${url}</arg>
<arg>${browser}</arg>
<doc>Opens a new browser instance to the optional ``url``.</doc>
<status status="PASS" start="2024-11-13T22:24:55.046130" elapsed="4.086376"/>
</kw>
<kw name="Maximize Browser Window" owner="SeleniumLibrary">
<doc>Maximizes current browser window.</doc>
<status status="PASS" start="2024-11-13T22:24:59.132506" elapsed="0.028402"/>
</kw>
<kw name="Click Button" owner="SeleniumLibrary">
<msg time="2024-11-13T22:24:59.160908" level="INFO">Clicking button '//button[@id="btn-enroll"]'.</msg>
<arg>${button_init}</arg>
<doc>Clicks the button identified by ``locator``.</doc>
<status status="PASS" start="2024-11-13T22:24:59.160908" elapsed="0.194020"/>
</kw>
<status status="PASS" start="2024-11-13T22:24:55.046130" elapsed="4.309440"/>
</kw>
<status status="PASS" start="2024-11-13T22:24:55.045122" elapsed="4.310448"/>
</kw>
<kw name="Quando eu tento cadastrar um usuário com nome inválido" owner="cadastro_exception_steps">
<kw name="Input Text" owner="SeleniumLibrary">
<msg time="2024-11-13T22:24:59.357581" level="INFO">Typing text 'thx' into text field '//input[@id="signup-personal-data-firstName"]'.</msg>
<arg>${input_nome}</arg>
<arg>${nome_sobrenome_invalido}</arg>
<doc>Types the given ``text`` into the text field identified by ``locator``.</doc>
<status status="PASS" start="2024-11-13T22:24:59.357581" elapsed="0.206409"/>
</kw>
<kw name="Click Element" owner="SeleniumLibrary">
<msg time="2024-11-13T22:24:59.563990" level="INFO">Clicking element '//button[@id="signup_submit_button_1"]'.</msg>
<arg>${button_proximo}</arg>
<doc>Click the element identified by ``locator``.</doc>
<status status="PASS" start="2024-11-13T22:24:59.563990" elapsed="0.063353"/>
</kw>
<status status="PASS" start="2024-11-13T22:24:59.357581" elapsed="0.270808"/>
</kw>
<kw name="Então deve ser retornada a mensagem &quot;Preencha corretamente&quot;" owner="cadastro_exception_steps">
<kw name="Wait Until Element Is Visible" owner="SeleniumLibrary">
<arg>${span_nome_sobrenome_incorreto}</arg>
<doc>Waits until the element ``locator`` is visible.</doc>
<status status="PASS" start="2024-11-13T22:24:59.628389" elapsed="0.035812"/>
</kw>
<status status="PASS" start="2024-11-13T22:24:59.628389" elapsed="0.035812"/>
</kw>
<kw name="E devo ser impedido de seguir com o cadastro" owner="settings" type="TEARDOWN">
<kw name="Clicar no botão &quot;Proximo&quot; e fechar navegador" owner="settings">
<kw name="Click Element" owner="SeleniumLibrary">
<msg time="2024-11-13T22:24:59.665202" level="INFO">Clicking element '//button[@id="signup_submit_button_1"]'.</msg>
<arg>${button_proximo}</arg>
<doc>Click the element identified by ``locator``.</doc>
<status status="PASS" start="2024-11-13T22:24:59.665202" elapsed="0.061743"/>
</kw>
<kw name="Sleep" owner="BuiltIn">
<msg time="2024-11-13T22:25:02.730526" level="INFO">Slept 3 seconds.</msg>
<arg>3s</arg>
<doc>Pauses the test executed for the given time.</doc>
<status status="PASS" start="2024-11-13T22:24:59.726945" elapsed="3.003581"/>
</kw>
<kw name="Close Browser" owner="SeleniumLibrary">
<doc>Closes the current browser.</doc>
<status status="PASS" start="2024-11-13T22:25:02.731042" elapsed="2.271275"/>
</kw>
<status status="PASS" start="2024-11-13T22:24:59.665202" elapsed="5.337115"/>
</kw>
<status status="PASS" start="2024-11-13T22:24:59.665202" elapsed="5.337115"/>
</kw>
<status status="PASS" start="2024-11-13T22:24:55.043766" elapsed="9.958551"/>
</test>
<test id="s1-t2" name="TC03 - Cadastrar usuário com sobrenome inváldo" line="13">
<kw name="Dado que acesso o site English Pass para realizar o cadastro" owner="settings" type="SETUP">
<kw name="Acessar Site" owner="settings">
<kw name="Open Browser" owner="SeleniumLibrary">
<msg time="2024-11-13T22:25:05.010021" level="INFO">Opening browser 'gc' to base url 'https://qastage.buildbox.one/18/cadastro/'.</msg>
<arg>${url}</arg>
<arg>${browser}</arg>
<doc>Opens a new browser instance to the optional ``url``.</doc>
<status status="PASS" start="2024-11-13T22:25:05.010021" elapsed="3.592870"/>
</kw>
<kw name="Maximize Browser Window" owner="SeleniumLibrary">
<doc>Maximizes current browser window.</doc>
<status status="PASS" start="2024-11-13T22:25:08.602891" elapsed="0.030990"/>
</kw>
<kw name="Click Button" owner="SeleniumLibrary">
<msg time="2024-11-13T22:25:08.633881" level="INFO">Clicking button '//button[@id="btn-enroll"]'.</msg>
<arg>${button_init}</arg>
<doc>Clicks the button identified by ``locator``.</doc>
<status status="PASS" start="2024-11-13T22:25:08.633881" elapsed="0.150311"/>
</kw>
<status status="PASS" start="2024-11-13T22:25:05.010021" elapsed="3.774171"/>
</kw>
<status status="PASS" start="2024-11-13T22:25:05.002317" elapsed="3.781875"/>
</kw>
<kw name="Quando eu tento cadastrar um usuário com sobrenome inválido" owner="cadastro_exception_steps">
<kw name="Input Text" owner="SeleniumLibrary">
<msg time="2024-11-13T22:25:08.784192" level="INFO">Typing text 'thx' into text field '//input[@id="signup-personal-data-lastName"]'.</msg>
<arg>${input_sobrenome}</arg>
<arg>${nome_sobrenome_invalido}</arg>
<doc>Types the given ``text`` into the text field identified by ``locator``.</doc>
<status status="PASS" start="2024-11-13T22:25:08.784192" elapsed="0.209380"/>
</kw>
<kw name="Click Element" owner="SeleniumLibrary">
<msg time="2024-11-13T22:25:08.995143" level="INFO">Clicking element '//button[@id="signup_submit_button_1"]'.</msg>
<arg>${button_proximo}</arg>
<doc>Click the element identified by ``locator``.</doc>
<status status="PASS" start="2024-11-13T22:25:08.995143" elapsed="0.067031"/>
</kw>
<status status="PASS" start="2024-11-13T22:25:08.784192" elapsed="0.277982"/>
</kw>
<kw name="Então deve ser retornada a mensagem &quot;Preencha corretamente&quot;" owner="cadastro_exception_steps">
<kw name="Wait Until Element Is Visible" owner="SeleniumLibrary">
<arg>${span_nome_sobrenome_incorreto}</arg>
<doc>Waits until the element ``locator`` is visible.</doc>
<status status="PASS" start="2024-11-13T22:25:09.062731" elapsed="0.042146"/>
</kw>
<status status="PASS" start="2024-11-13T22:25:09.062731" elapsed="0.042489"/>
</kw>
<kw name="E devo ser impedido de seguir com o cadastro" owner="settings" type="TEARDOWN">
<kw name="Clicar no botão &quot;Proximo&quot; e fechar navegador" owner="settings">
<kw name="Click Element" owner="SeleniumLibrary">
<msg time="2024-11-13T22:25:09.107228" level="INFO">Clicking element '//button[@id="signup_submit_button_1"]'.</msg>
<arg>${button_proximo}</arg>
<doc>Click the element identified by ``locator``.</doc>
<status status="PASS" start="2024-11-13T22:25:09.106228" elapsed="0.057155"/>
</kw>
<kw name="Sleep" owner="BuiltIn">
<msg time="2024-11-13T22:25:12.164251" level="INFO">Slept 3 seconds.</msg>
<arg>3s</arg>
<doc>Pauses the test executed for the given time.</doc>
<status status="PASS" start="2024-11-13T22:25:09.163383" elapsed="3.000868"/>
</kw>
<kw name="Close Browser" owner="SeleniumLibrary">
<doc>Closes the current browser.</doc>
<status status="PASS" start="2024-11-13T22:25:12.164251" elapsed="2.379914"/>
</kw>
<status status="PASS" start="2024-11-13T22:25:09.106228" elapsed="5.437937"/>
</kw>
<status status="PASS" start="2024-11-13T22:25:09.106228" elapsed="5.437937"/>
</kw>
<status status="PASS" start="2024-11-13T22:25:05.002317" elapsed="9.541848"/>
</test>
<test id="s1-t3" name="TC04 - Cadastrar usuário com data de nascimento inválida" line="17">
<kw name="Dado que acesso o site English Pass para realizar o cadastro" owner="settings" type="SETUP">
<kw name="Acessar Site" owner="settings">
<kw name="Open Browser" owner="SeleniumLibrary">
<msg time="2024-11-13T22:25:14.550362" level="INFO">Opening browser 'gc' to base url 'https://qastage.buildbox.one/18/cadastro/'.</msg>
<arg>${url}</arg>
<arg>${browser}</arg>
<doc>Opens a new browser instance to the optional ``url``.</doc>
<status status="PASS" start="2024-11-13T22:25:14.550362" elapsed="2.871659"/>
</kw>
<kw name="Maximize Browser Window" owner="SeleniumLibrary">
<doc>Maximizes current browser window.</doc>
<status status="PASS" start="2024-11-13T22:25:17.423023" elapsed="0.686628"/>
</kw>
<kw name="Click Button" owner="SeleniumLibrary">
<msg time="2024-11-13T22:25:18.109651" level="INFO">Clicking button '//button[@id="btn-enroll"]'.</msg>
<arg>${button_init}</arg>
<doc>Clicks the button identified by ``locator``.</doc>
<status status="PASS" start="2024-11-13T22:25:18.109651" elapsed="0.114409"/>
</kw>
<status status="PASS" start="2024-11-13T22:25:14.544165" elapsed="3.681000"/>
</kw>
<status status="PASS" start="2024-11-13T22:25:14.544165" elapsed="3.681000"/>
</kw>
<kw name="Quando eu tento cadastrar um usuário com data de nascimento inválida" owner="cadastro_exception_steps">
<kw name="Input Text" owner="SeleniumLibrary">
<msg time="2024-11-13T22:25:18.227456" level="INFO">Typing text '31122014' into text field '//input[@id="signup-personal-data-birthDate"]'.</msg>
<arg>${input_data_nasc}</arg>
<arg>${data_nasc_invalida}</arg>
<doc>Types the given ``text`` into the text field identified by ``locator``.</doc>
<status status="PASS" start="2024-11-13T22:25:18.227456" elapsed="0.184856"/>
</kw>
<kw name="Click Element" owner="SeleniumLibrary">
<msg time="2024-11-13T22:25:18.413309" level="INFO">Clicking element '//button[@id="signup_submit_button_1"]'.</msg>
<arg>${button_proximo}</arg>
<doc>Click the element identified by ``locator``.</doc>
<status status="PASS" start="2024-11-13T22:25:18.413309" elapsed="0.049195"/>
</kw>
<status status="PASS" start="2024-11-13T22:25:18.226341" elapsed="0.236163"/>
</kw>
<kw name="Então deve ser retornada a mensagem &quot;Data de nascimento inválida&quot;" owner="cadastro_exception_steps">
<kw name="Wait Until Element Is Visible" owner="SeleniumLibrary">
<arg>${span_dt_nasc_invalida}</arg>
<doc>Waits until the element ``locator`` is visible.</doc>
<status status="PASS" start="2024-11-13T22:25:18.463523" elapsed="0.257234"/>
</kw>
<status status="PASS" start="2024-11-13T22:25:18.462504" elapsed="0.258253"/>
</kw>
<kw name="E devo ser impedido de seguir com o cadastro" owner="settings" type="TEARDOWN">
<kw name="Clicar no botão &quot;Proximo&quot; e fechar navegador" owner="settings">
<kw name="Click Element" owner="SeleniumLibrary">
<msg time="2024-11-13T22:25:18.729884" level="INFO">Clicking element '//button[@id="signup_submit_button_1"]'.</msg>
<arg>${button_proximo}</arg>
<doc>Click the element identified by ``locator``.</doc>
<status status="PASS" start="2024-11-13T22:25:18.729884" elapsed="0.056909"/>
</kw>
<kw name="Sleep" owner="BuiltIn">
<msg time="2024-11-13T22:25:21.788220" level="INFO">Slept 3 seconds.</msg>
<arg>3s</arg>
<doc>Pauses the test executed for the given time.</doc>
<status status="PASS" start="2024-11-13T22:25:18.787934" elapsed="3.000286"/>
</kw>
<kw name="Close Browser" owner="SeleniumLibrary">
<doc>Closes the current browser.</doc>
<status status="PASS" start="2024-11-13T22:25:21.788220" elapsed="2.265269"/>
</kw>
<status status="PASS" start="2024-11-13T22:25:18.720757" elapsed="5.332732"/>
</kw>
<status status="PASS" start="2024-11-13T22:25:18.720757" elapsed="5.332732"/>
</kw>
<status status="PASS" start="2024-11-13T22:25:14.544165" elapsed="9.509324"/>
</test>
<test id="s1-t4" name="TC05 - Cadastrar usuário com CPF inválido" line="21">
<kw name="Dado que acesso o site English Pass para realizar o cadastro" owner="settings" type="SETUP">
<kw name="Acessar Site" owner="settings">
<kw name="Open Browser" owner="SeleniumLibrary">
<msg time="2024-11-13T22:25:24.060193" level="INFO">Opening browser 'gc' to base url 'https://qastage.buildbox.one/18/cadastro/'.</msg>
<arg>${url}</arg>
<arg>${browser}</arg>
<doc>Opens a new browser instance to the optional ``url``.</doc>
<status status="PASS" start="2024-11-13T22:25:24.053489" elapsed="5.721063"/>
</kw>
<kw name="Maximize Browser Window" owner="SeleniumLibrary">
<doc>Maximizes current browser window.</doc>
<status status="PASS" start="2024-11-13T22:25:29.775591" elapsed="0.029664"/>
</kw>
<kw name="Click Button" owner="SeleniumLibrary">
<msg time="2024-11-13T22:25:29.806264" level="INFO">Clicking button '//button[@id="btn-enroll"]'.</msg>
<arg>${button_init}</arg>
<doc>Clicks the button identified by ``locator``.</doc>
<status status="PASS" start="2024-11-13T22:25:29.806264" elapsed="0.126461"/>
</kw>
<status status="PASS" start="2024-11-13T22:25:24.053489" elapsed="5.879236"/>
</kw>
<status status="PASS" start="2024-11-13T22:25:24.053489" elapsed="5.879236"/>
</kw>
<kw name="Quando eu tento cadastrar um usuário com um CPF inválido" owner="cadastro_exception_steps">
<kw name="Input Text" owner="SeleniumLibrary">
<msg time="2024-11-13T22:25:29.934725" level="INFO">Typing text '45032012066' into text field '//input[@id="signup-personal-data-cpf"]'.</msg>
<arg>${input_CPF}</arg>
<arg>${cpf_invalido}</arg>
<doc>Types the given ``text`` into the text field identified by ``locator``.</doc>
<status status="PASS" start="2024-11-13T22:25:29.933723" elapsed="0.179343"/>
</kw>
<kw name="Click Element" owner="SeleniumLibrary">
<msg time="2024-11-13T22:25:30.113066" level="INFO">Clicking element '//button[@id="signup_submit_button_1"]'.</msg>
<arg>${button_proximo}</arg>
<doc>Click the element identified by ``locator``.</doc>
<status status="PASS" start="2024-11-13T22:25:30.113066" elapsed="0.066636"/>
</kw>
<status status="PASS" start="2024-11-13T22:25:29.933723" elapsed="0.245979"/>
</kw>
<kw name="Então deve ser retornada a mensagem &quot;CPF inválido.&quot;" owner="cadastro_exception_steps">
<kw name="Wait Until Element Is Visible" owner="SeleniumLibrary">
<arg>${span_cpf_invalido}</arg>
<doc>Waits until the element ``locator`` is visible.</doc>
<status status="PASS" start="2024-11-13T22:25:30.194316" elapsed="0.687109"/>
</kw>
<status status="PASS" start="2024-11-13T22:25:30.193682" elapsed="0.687743"/>
</kw>
<kw name="E devo ser impedido de seguir com o cadastro" owner="settings" type="TEARDOWN">
<kw name="Clicar no botão &quot;Proximo&quot; e fechar navegador" owner="settings">
<kw name="Click Element" owner="SeleniumLibrary">
<msg time="2024-11-13T22:25:30.882283" level="INFO">Clicking element '//button[@id="signup_submit_button_1"]'.</msg>
<arg>${button_proximo}</arg>
<doc>Click the element identified by ``locator``.</doc>
<status status="PASS" start="2024-11-13T22:25:30.882283" elapsed="0.078689"/>
</kw>
<kw name="Sleep" owner="BuiltIn">
<msg time="2024-11-13T22:25:33.961184" level="INFO">Slept 3 seconds.</msg>
<arg>3s</arg>
<doc>Pauses the test executed for the given time.</doc>
<status status="PASS" start="2024-11-13T22:25:30.960972" elapsed="3.000212"/>
</kw>
<kw name="Close Browser" owner="SeleniumLibrary">
<doc>Closes the current browser.</doc>
<status status="PASS" start="2024-11-13T22:25:33.961184" elapsed="2.304517"/>
</kw>
<status status="PASS" start="2024-11-13T22:25:30.882283" elapsed="5.383418"/>
</kw>
<status status="PASS" start="2024-11-13T22:25:30.882283" elapsed="5.384571"/>
</kw>
<status status="PASS" start="2024-11-13T22:25:24.053489" elapsed="12.213365"/>
</test>
<test id="s1-t5" name="TC06 - Cadastrar usuário com email inválido" line="25">
<kw name="Dado que acesso o site English Pass para realizar o cadastro" owner="settings" type="SETUP">
<kw name="Acessar Site" owner="settings">
<kw name="Open Browser" owner="SeleniumLibrary">
<msg time="2024-11-13T22:25:36.269927" level="INFO">Opening browser 'gc' to base url 'https://qastage.buildbox.one/18/cadastro/'.</msg>
<arg>${url}</arg>
<arg>${browser}</arg>
<doc>Opens a new browser instance to the optional ``url``.</doc>
<status status="PASS" start="2024-11-13T22:25:36.269927" elapsed="3.292600"/>
</kw>
<kw name="Maximize Browser Window" owner="SeleniumLibrary">
<doc>Maximizes current browser window.</doc>
<status status="PASS" start="2024-11-13T22:25:39.562527" elapsed="0.048932"/>
</kw>
<kw name="Click Button" owner="SeleniumLibrary">
<msg time="2024-11-13T22:25:39.611459" level="INFO">Clicking button '//button[@id="btn-enroll"]'.</msg>
<arg>${button_init}</arg>
<doc>Clicks the button identified by ``locator``.</doc>
<status status="PASS" start="2024-11-13T22:25:39.611459" elapsed="0.122854"/>
</kw>
<status status="PASS" start="2024-11-13T22:25:36.269927" elapsed="3.464386"/>
</kw>
<status status="PASS" start="2024-11-13T22:25:36.269927" elapsed="3.464386"/>
</kw>
<kw name="Quando eu tento cadastrar um usuário informando email inválido" owner="cadastro_exception_steps">
<kw name="Input Text" owner="SeleniumLibrary">
<msg time="2024-11-13T22:25:39.738807" level="INFO">Typing text 'thipereira.selva@gmail' into text field '//input[@id="signup-personal-data-email"]'.</msg>
<arg>${input_email}</arg>
<arg>${email_invalido}</arg>
<doc>Types the given ``text`` into the text field identified by ``locator``.</doc>
<status status="PASS" start="2024-11-13T22:25:39.737329" elapsed="0.245559"/>
</kw>
<kw name="Click Element" owner="SeleniumLibrary">
<msg time="2024-11-13T22:25:39.982888" level="INFO">Clicking element '//button[@id="signup_submit_button_1"]'.</msg>
<arg>${button_proximo}</arg>
<doc>Click the element identified by ``locator``.</doc>
<status status="PASS" start="2024-11-13T22:25:39.982888" elapsed="0.046969"/>
</kw>
<status status="PASS" start="2024-11-13T22:25:39.736331" elapsed="0.293526"/>
</kw>
<kw name="Então deve ser retornada a mensagem &quot;Email inválido.&quot;" owner="cadastro_exception_steps">
<kw name="Wait Until Element Is Visible" owner="SeleniumLibrary">
<arg>${span_email_invalido}</arg>
<doc>Waits until the element ``locator`` is visible.</doc>
<status status="PASS" start="2024-11-13T22:25:40.029857" elapsed="0.675964"/>
</kw>
<status status="PASS" start="2024-11-13T22:25:40.029857" elapsed="0.675964"/>
</kw>
<kw name="E devo ser impedido de seguir com o cadastro" owner="settings" type="TEARDOWN">
<kw name="Clicar no botão &quot;Proximo&quot; e fechar navegador" owner="settings">
<kw name="Click Element" owner="SeleniumLibrary">
<msg time="2024-11-13T22:25:40.709830" level="INFO">Clicking element '//button[@id="signup_submit_button_1"]'.</msg>
<arg>${button_proximo}</arg>
<doc>Click the element identified by ``locator``.</doc>
<status status="PASS" start="2024-11-13T22:25:40.709830" elapsed="0.059902"/>
</kw>
<kw name="Sleep" owner="BuiltIn">
<msg time="2024-11-13T22:25:43.770159" level="INFO">Slept 3 seconds.</msg>
<arg>3s</arg>
<doc>Pauses the test executed for the given time.</doc>
<status status="PASS" start="2024-11-13T22:25:40.769732" elapsed="3.000427"/>
</kw>
<kw name="Close Browser" owner="SeleniumLibrary">
<doc>Closes the current browser.</doc>
<status status="PASS" start="2024-11-13T22:25:43.771191" elapsed="2.329126"/>
</kw>
<status status="PASS" start="2024-11-13T22:25:40.709830" elapsed="5.390487"/>
</kw>
<status status="PASS" start="2024-11-13T22:25:40.709830" elapsed="5.390487"/>
</kw>
<status status="PASS" start="2024-11-13T22:25:36.269927" elapsed="9.831863"/>
</test>
<test id="s1-t6" name="TC07 - Cadastrar usuário com emails diferentes" line="29">
<kw name="Dado que acesso o site English Pass para realizar o cadastro" owner="settings" type="SETUP">
<kw name="Acessar Site" owner="settings">
<kw name="Open Browser" owner="SeleniumLibrary">
<msg time="2024-11-13T22:25:46.101790" level="INFO">Opening browser 'gc' to base url 'https://qastage.buildbox.one/18/cadastro/'.</msg>
<arg>${url}</arg>
<arg>${browser}</arg>
<doc>Opens a new browser instance to the optional ``url``.</doc>
<status status="PASS" start="2024-11-13T22:25:46.101790" elapsed="2.804334"/>
</kw>
<kw name="Maximize Browser Window" owner="SeleniumLibrary">
<doc>Maximizes current browser window.</doc>
<status status="PASS" start="2024-11-13T22:25:48.907633" elapsed="0.879596"/>
</kw>
<kw name="Click Button" owner="SeleniumLibrary">
<msg time="2024-11-13T22:25:49.787229" level="INFO">Clicking button '//button[@id="btn-enroll"]'.</msg>
<arg>${button_init}</arg>
<doc>Clicks the button identified by ``locator``.</doc>
<status status="PASS" start="2024-11-13T22:25:49.787229" elapsed="0.101263"/>
</kw>
<status status="PASS" start="2024-11-13T22:25:46.101790" elapsed="3.786702"/>
</kw>
<status status="PASS" start="2024-11-13T22:25:46.101790" elapsed="3.786702"/>
</kw>
<kw name="Quando eu tento cadastrar um usuário informando emails diferentes" owner="cadastro_exception_steps">
<kw name="Input Text" owner="SeleniumLibrary">
<msg time="2024-11-13T22:25:49.890532" level="INFO">Typing text 'thipereira.isilva@gmail.com' into text field '//input[@id="signup-personal-data-email"]'.</msg>
<arg>${input_email}</arg>
<arg>${email}</arg>
<doc>Types the given ``text`` into the text field identified by ``locator``.</doc>
<status status="PASS" start="2024-11-13T22:25:49.889524" elapsed="0.209187"/>
</kw>
<kw name="Input Text" owner="SeleniumLibrary">
<msg time="2024-11-13T22:25:50.098711" level="INFO">Typing text 'emaildeteste@hotmail.com' into text field '//input[@id="signup-personal-data-email-confirm"]'.</msg>
<arg>${input_email_confirm}</arg>
<arg>${email_diferente}</arg>
<doc>Types the given ``text`` into the text field identified by ``locator``.</doc>
<status status="PASS" start="2024-11-13T22:25:50.098711" elapsed="0.110737"/>
</kw>
<kw name="Click Element" owner="SeleniumLibrary">
<msg time="2024-11-13T22:25:50.209448" level="INFO">Clicking element '//button[@id="signup_submit_button_1"]'.</msg>
<arg>${button_proximo}</arg>
<doc>Click the element identified by ``locator``.</doc>
<status status="PASS" start="2024-11-13T22:25:50.209448" elapsed="0.058979"/>
</kw>
<status status="PASS" start="2024-11-13T22:25:49.889524" elapsed="0.378903"/>
</kw>
<kw name="Então deve ser retornada a mensagem &quot;Os e-mails não são iguais.&quot;" owner="cadastro_exception_steps">
<kw name="Wait Until Element Is Visible" owner="SeleniumLibrary">
<msg time="2024-11-13T22:25:55.589686" level="INFO" html="true">&lt;/td&gt;&lt;/tr&gt;&lt;tr&gt;&lt;td colspan="3"&gt;&lt;a href="selenium-screenshot-3.png"&gt;&lt;img src="selenium-screenshot-3.png" width="800px"&gt;&lt;/a&gt;</msg>
<msg time="2024-11-13T22:25:55.589686" level="FAIL">Element '//span[@class="input-error" and text()="Os e-mails não são iguais."]' not visible after 5 seconds.</msg>
<arg>${span_email_confim}</arg>
<doc>Waits until the element ``locator`` is visible.</doc>
<status status="FAIL" start="2024-11-13T22:25:50.268427" elapsed="5.325924">Element '//span[@class="input-error" and text()="Os e-mails não são iguais."]' not visible after 5 seconds.</status>
</kw>
<status status="FAIL" start="2024-11-13T22:25:50.268427" elapsed="5.325924">Element '//span[@class="input-error" and text()="Os e-mails não são iguais."]' not visible after 5 seconds.</status>
</kw>
<kw name="E devo ser impedido de seguir com o cadastro" owner="settings" type="TEARDOWN">
<kw name="Clicar no botão &quot;Proximo&quot; e fechar navegador" owner="settings">
<kw name="Click Element" owner="SeleniumLibrary">
<msg time="2024-11-13T22:25:55.594351" level="INFO">Clicking element '//button[@id="signup_submit_button_1"]'.</msg>
<arg>${button_proximo}</arg>
<doc>Click the element identified by ``locator``.</doc>
<status status="PASS" start="2024-11-13T22:25:55.594351" elapsed="0.065347"/>
</kw>
<kw name="Sleep" owner="BuiltIn">
<msg time="2024-11-13T22:25:58.660793" level="INFO">Slept 3 seconds.</msg>
<arg>3s</arg>
<doc>Pauses the test executed for the given time.</doc>
<status status="PASS" start="2024-11-13T22:25:55.660709" elapsed="3.000084"/>
</kw>
<kw name="Close Browser" owner="SeleniumLibrary">
<doc>Closes the current browser.</doc>
<status status="PASS" start="2024-11-13T22:25:58.660793" elapsed="2.625196"/>
</kw>
<status status="PASS" start="2024-11-13T22:25:55.594351" elapsed="5.692296"/>
</kw>
<status status="PASS" start="2024-11-13T22:25:55.594351" elapsed="5.692296"/>
</kw>
<status status="FAIL" start="2024-11-13T22:25:46.101790" elapsed="15.184857">Element '//span[@class="input-error" and text()="Os e-mails não são iguais."]' not visible after 5 seconds.</status>
</test>
<test id="s1-t7" name="TC08 - Cadastrar usuário com senha inválida" line="33">
<kw name="Dado que acesso o site English Pass para realizar o cadastro" owner="settings" type="SETUP">
<kw name="Acessar Site" owner="settings">
<kw name="Open Browser" owner="SeleniumLibrary">
<msg time="2024-11-13T22:26:01.288146" level="INFO">Opening browser 'gc' to base url 'https://qastage.buildbox.one/18/cadastro/'.</msg>
<arg>${url}</arg>
<arg>${browser}</arg>
<doc>Opens a new browser instance to the optional ``url``.</doc>
<status status="PASS" start="2024-11-13T22:26:01.288146" elapsed="3.557858"/>
</kw>
<kw name="Maximize Browser Window" owner="SeleniumLibrary">
<doc>Maximizes current browser window.</doc>
<status status="PASS" start="2024-11-13T22:26:04.846004" elapsed="0.080239"/>
</kw>
<kw name="Click Button" owner="SeleniumLibrary">
<msg time="2024-11-13T22:26:04.927249" level="INFO">Clicking button '//button[@id="btn-enroll"]'.</msg>
<arg>${button_init}</arg>
<doc>Clicks the button identified by ``locator``.</doc>
<status status="PASS" start="2024-11-13T22:26:04.926243" elapsed="0.140779"/>
</kw>
<status status="PASS" start="2024-11-13T22:26:01.288146" elapsed="3.778876"/>
</kw>
<status status="PASS" start="2024-11-13T22:26:01.288146" elapsed="3.778876"/>
</kw>
<kw name="Quando eu tento cadastrar um usuário informando uma senha inválida" owner="cadastro_exception_steps">
<kw name="Input Text" owner="SeleniumLibrary">
<msg time="2024-11-13T22:26:05.070693" level="INFO">Typing text '1324' into text field '//input[@id="signup-personal-data-password"]'.</msg>
<arg>${input_senha}</arg>
<arg>${senha_invalida}</arg>
<doc>Types the given ``text`` into the text field identified by ``locator``.</doc>
<status status="PASS" start="2024-11-13T22:26:05.069800" elapsed="0.436361"/>
</kw>
<kw name="Click Element" owner="SeleniumLibrary">
<msg time="2024-11-13T22:26:05.507004" level="INFO">Clicking element '//button[@id="signup_submit_button_1"]'.</msg>
<arg>${button_proximo}</arg>
<doc>Click the element identified by ``locator``.</doc>
<status status="PASS" start="2024-11-13T22:26:05.506161" elapsed="0.053865"/>
</kw>
<status status="PASS" start="2024-11-13T22:26:05.068151" elapsed="0.491875"/>
</kw>
<kw name="Então deve ser retornada a mensagem &quot;Insira uma senha válida&quot;" owner="cadastro_exception_steps">
<kw name="Wait Until Element Is Visible" owner="SeleniumLibrary">
<arg>${span_senha_invalida}</arg>
<doc>Waits until the element ``locator`` is visible.</doc>
<status status="PASS" start="2024-11-13T22:26:05.561045" elapsed="0.027248"/>
</kw>
<status status="PASS" start="2024-11-13T22:26:05.561045" elapsed="0.027248"/>
</kw>
<kw name="E devo ser impedido de seguir com o cadastro" owner="settings" type="TEARDOWN">
<kw name="Clicar no botão &quot;Proximo&quot; e fechar navegador" owner="settings">
<kw name="Click Element" owner="SeleniumLibrary">
<msg time="2024-11-13T22:26:05.589571" level="INFO">Clicking element '//button[@id="signup_submit_button_1"]'.</msg>
<arg>${button_proximo}</arg>
<doc>Click the element identified by ``locator``.</doc>
<status status="PASS" start="2024-11-13T22:26:05.589571" elapsed="0.050873"/>
</kw>
<kw name="Sleep" owner="BuiltIn">
<msg time="2024-11-13T22:26:08.642632" level="INFO">Slept 3 seconds.</msg>
<arg>3s</arg>
<doc>Pauses the test executed for the given time.</doc>
<status status="PASS" start="2024-11-13T22:26:05.641464" elapsed="3.001168"/>
</kw>
<kw name="Close Browser" owner="SeleniumLibrary">
<doc>Closes the current browser.</doc>
<status status="PASS" start="2024-11-13T22:26:08.643707" elapsed="2.338536"/>
</kw>
<status status="PASS" start="2024-11-13T22:26:05.589571" elapsed="5.393792"/>
</kw>
<status status="PASS" start="2024-11-13T22:26:05.589571" elapsed="5.393792"/>
</kw>
<status status="PASS" start="2024-11-13T22:26:01.287486" elapsed="9.695877"/>
</test>
<test id="s1-t8" name="TC09 - Cadastrar usuário com senhas diferentes" line="37">
<kw name="Dado que acesso o site English Pass para realizar o cadastro" owner="settings" type="SETUP">
<kw name="Acessar Site" owner="settings">
<kw name="Open Browser" owner="SeleniumLibrary">
<msg time="2024-11-13T22:26:10.983363" level="INFO">Opening browser 'gc' to base url 'https://qastage.buildbox.one/18/cadastro/'.</msg>
<arg>${url}</arg>
<arg>${browser}</arg>
<doc>Opens a new browser instance to the optional ``url``.</doc>
<status status="PASS" start="2024-11-13T22:26:10.983363" elapsed="3.465998"/>
</kw>
<kw name="Maximize Browser Window" owner="SeleniumLibrary">
<doc>Maximizes current browser window.</doc>
<status status="PASS" start="2024-11-13T22:26:14.449361" elapsed="0.046576"/>
</kw>
<kw name="Click Button" owner="SeleniumLibrary">
<msg time="2024-11-13T22:26:14.495937" level="INFO">Clicking button '//button[@id="btn-enroll"]'.</msg>
<arg>${button_init}</arg>
<doc>Clicks the button identified by ``locator``.</doc>
<status status="PASS" start="2024-11-13T22:26:14.495937" elapsed="0.135377"/>
</kw>
<status status="PASS" start="2024-11-13T22:26:10.983363" elapsed="3.647951"/>
</kw>
<status status="PASS" start="2024-11-13T22:26:10.983363" elapsed="3.647951"/>
</kw>
<kw name="Quando eu tento cadastrar um usuário informando senhas diferentes" owner="cadastro_exception_steps">
<kw name="Input Text" owner="SeleniumLibrary">
<msg time="2024-11-13T22:26:14.632789" level="INFO">Typing text 'Senha1234@' into text field '//input[@id="signup-personal-data-password"]'.</msg>
<arg>${input_senha}</arg>
<arg>${senha}</arg>
<doc>Types the given ``text`` into the text field identified by ``locator``.</doc>
<status status="PASS" start="2024-11-13T22:26:14.632789" elapsed="0.178336"/>
</kw>
<kw name="Input Text" owner="SeleniumLibrary">
<msg time="2024-11-13T22:26:14.811125" level="INFO">Typing text 'senhadeteste' into text field '//input[@id="signup-personal-data-password-confirm"]'.</msg>
<arg>${input_senha_confirm}</arg>
<arg>${senha_diferente}</arg>
<doc>Types the given ``text`` into the text field identified by ``locator``.</doc>
<status status="PASS" start="2024-11-13T22:26:14.811125" elapsed="0.108520"/>
</kw>
<kw name="Click Element" owner="SeleniumLibrary">
<msg time="2024-11-13T22:26:14.919645" level="INFO">Clicking element '//button[@id="signup_submit_button_1"]'.</msg>
<arg>${button_proximo}</arg>
<doc>Click the element identified by ``locator``.</doc>
<status status="PASS" start="2024-11-13T22:26:14.919645" elapsed="0.052952"/>
</kw>
<status status="PASS" start="2024-11-13T22:26:14.631314" elapsed="0.341283"/>
</kw>
<kw name="Então deve ser retornada a mensagem &quot;As senhas não são iguais.&quot;" owner="cadastro_exception_steps">
<kw name="Wait Until Element Is Visible" owner="SeleniumLibrary">
<msg time="2024-11-13T22:26:20.270606" level="INFO" html="true">&lt;/td&gt;&lt;/tr&gt;&lt;tr&gt;&lt;td colspan="3"&gt;&lt;a href="selenium-screenshot-4.png"&gt;&lt;img src="selenium-screenshot-4.png" width="800px"&gt;&lt;/a&gt;</msg>
<msg time="2024-11-13T22:26:20.271119" level="FAIL">Element '//span[@class="input-error" and text()="As senhas não são iguais."]' not visible after 5 seconds.</msg>
<arg>${span_senha_confirm}</arg>
<doc>Waits until the element ``locator`` is visible.</doc>
<status status="FAIL" start="2024-11-13T22:26:14.973616" elapsed="5.298539">Element '//span[@class="input-error" and text()="As senhas não são iguais."]' not visible after 5 seconds.</status>
</kw>
<status status="FAIL" start="2024-11-13T22:26:14.973616" elapsed="5.298539">Element '//span[@class="input-error" and text()="As senhas não são iguais."]' not visible after 5 seconds.</status>
</kw>
<kw name="E devo ser impedido de seguir com o cadastro" owner="settings" type="TEARDOWN">
<kw name="Clicar no botão &quot;Proximo&quot; e fechar navegador" owner="settings">
<kw name="Click Element" owner="SeleniumLibrary">
<msg time="2024-11-13T22:26:20.279559" level="INFO">Clicking element '//button[@id="signup_submit_button_1"]'.</msg>
<arg>${button_proximo}</arg>
<doc>Click the element identified by ``locator``.</doc>
<status status="PASS" start="2024-11-13T22:26:20.278039" elapsed="0.068065"/>
</kw>
<kw name="Sleep" owner="BuiltIn">
<msg time="2024-11-13T22:26:23.346581" level="INFO">Slept 3 seconds.</msg>
<arg>3s</arg>
<doc>Pauses the test executed for the given time.</doc>
<status status="PASS" start="2024-11-13T22:26:20.346104" elapsed="3.000477"/>
</kw>
<kw name="Close Browser" owner="SeleniumLibrary">
<doc>Closes the current browser.</doc>
<status status="PASS" start="2024-11-13T22:26:23.347609" elapsed="2.542476"/>
</kw>
<status status="PASS" start="2024-11-13T22:26:20.278039" elapsed="5.612046"/>
</kw>
<status status="PASS" start="2024-11-13T22:26:20.278039" elapsed="5.613427"/>
</kw>
<status status="FAIL" start="2024-11-13T22:26:10.983363" elapsed="14.908103">Element '//span[@class="input-error" and text()="As senhas não são iguais."]' not visible after 5 seconds.</status>
</test>
<test id="s1-t9" name="TC10 - Cadastrar usuário sem aceitar os termos" line="41">
<kw name="Dado que acesso o site English Pass para realizar o cadastro" owner="settings" type="SETUP">
<kw name="Acessar Site" owner="settings">
<kw name="Open Browser" owner="SeleniumLibrary">
<msg time="2024-11-13T22:26:25.891466" level="INFO">Opening browser 'gc' to base url 'https://qastage.buildbox.one/18/cadastro/'.</msg>
<arg>${url}</arg>
<arg>${browser}</arg>
<doc>Opens a new browser instance to the optional ``url``.</doc>
<status status="PASS" start="2024-11-13T22:26:25.891466" elapsed="3.489195"/>
</kw>
<kw name="Maximize Browser Window" owner="SeleniumLibrary">
<doc>Maximizes current browser window.</doc>
<status status="PASS" start="2024-11-13T22:26:29.380661" elapsed="0.034199"/>
</kw>
<kw name="Click Button" owner="SeleniumLibrary">
<msg time="2024-11-13T22:26:29.415868" level="INFO">Clicking button '//button[@id="btn-enroll"]'.</msg>
<arg>${button_init}</arg>
<doc>Clicks the button identified by ``locator``.</doc>
<status status="PASS" start="2024-11-13T22:26:29.414860" elapsed="0.133001"/>
</kw>
<status status="PASS" start="2024-11-13T22:26:25.891466" elapsed="3.656395"/>
</kw>
<status status="PASS" start="2024-11-13T22:26:25.891466" elapsed="3.656395"/>
</kw>
<kw name="Quando eu tento cadastrar um usuário sem aceitar os termos" owner="cadastro_exception_steps">
<kw name="Input Text" owner="SeleniumLibrary">
<msg time="2024-11-13T22:26:29.547861" level="INFO">Typing text 'Thiago' into text field '//input[@id="signup-personal-data-firstName"]'.</msg>
<arg>${input_nome}</arg>
<arg>${primeiro_nome}</arg>
<doc>Types the given ``text`` into the text field identified by ``locator``.</doc>
<status status="PASS" start="2024-11-13T22:26:29.547861" elapsed="0.206578"/>
</kw>
<kw name="Input Text" owner="SeleniumLibrary">
<msg time="2024-11-13T22:26:29.754943" level="INFO">Typing text 'Silva' into text field '//input[@id="signup-personal-data-lastName"]'.</msg>
<arg>${input_sobrenome}</arg>
<arg>${sobrenome}</arg>
<doc>Types the given ``text`` into the text field identified by ``locator``.</doc>
<status status="PASS" start="2024-11-13T22:26:29.754439" elapsed="0.105948"/>
</kw>
<kw name="Input Text" owner="SeleniumLibrary">
<msg time="2024-11-13T22:26:29.860387" level="INFO">Typing text '24022001' into text field '//input[@id="signup-personal-data-birthDate"]'.</msg>
<arg>${input_data_nasc}</arg>
<arg>${data_nasc}</arg>
<doc>Types the given ``text`` into the text field identified by ``locator``.</doc>
<status status="PASS" start="2024-11-13T22:26:29.860387" elapsed="0.089220"/>
</kw>
<kw name="Input Text" owner="SeleniumLibrary">
<msg time="2024-11-13T22:26:29.949607" level="INFO">Typing text '90731530691' into text field '//input[@id="signup-personal-data-cpf"]'.</msg>
<arg>${input_CPF}</arg>
<arg>${cpf}</arg>
<doc>Types the given ``text`` into the text field identified by ``locator``.</doc>
<status status="PASS" start="2024-11-13T22:26:29.949607" elapsed="0.108452"/>
</kw>
<kw name="Input Text" owner="SeleniumLibrary">
<msg time="2024-11-13T22:26:30.058059" level="INFO">Typing text 'thipereira.isilva@gmail.com' into text field '//input[@id="signup-personal-data-email"]'.</msg>
<arg>${input_email}</arg>
<arg>${email}</arg>
<doc>Types the given ``text`` into the text field identified by ``locator``.</doc>
<status status="PASS" start="2024-11-13T22:26:30.058059" elapsed="0.124065"/>
</kw>
<kw name="Input Text" owner="SeleniumLibrary">
<msg time="2024-11-13T22:26:30.182124" level="INFO">Typing text 'thipereira.isilva@gmail.com' into text field '//input[@id="signup-personal-data-email-confirm"]'.</msg>
<arg>${input_email_confirm}</arg>
<arg>${email}</arg>
<doc>Types the given ``text`` into the text field identified by ``locator``.</doc>
<status status="PASS" start="2024-11-13T22:26:30.182124" elapsed="0.127806"/>
</kw>
<kw name="Input Text" owner="SeleniumLibrary">
<msg time="2024-11-13T22:26:30.310942" level="INFO">Typing text 'Senha1234@' into text field '//input[@id="signup-personal-data-password"]'.</msg>
<arg>${input_senha}</arg>
<arg>${senha}</arg>
<doc>Types the given ``text`` into the text field identified by ``locator``.</doc>
<status status="PASS" start="2024-11-13T22:26:30.310942" elapsed="0.108677"/>
</kw>
<kw name="Input Text" owner="SeleniumLibrary">
<msg time="2024-11-13T22:26:30.419619" level="INFO">Typing text 'Senha1234@' into text field '//input[@id="signup-personal-data-password-confirm"]'.</msg>
<arg>${input_senha_confirm}</arg>
<arg>${senha}</arg>
<doc>Types the given ``text`` into the text field identified by ``locator``.</doc>
<status status="PASS" start="2024-11-13T22:26:30.419619" elapsed="0.111381"/>
</kw>
<kw name="Click Element" owner="SeleniumLibrary">
<msg time="2024-11-13T22:26:30.531000" level="INFO">Clicking element '//button[@x-ref="button" and @type="button" and .//span[contains(text(), 'Selecione a proficiência')]]'.</msg>
<arg>${button_proeficiencia}</arg>
<doc>Click the element identified by ``locator``.</doc>
<status status="PASS" start="2024-11-13T22:26:30.531000" elapsed="0.046445"/>
</kw>
<kw name="Click Element" owner="SeleniumLibrary">
<msg time="2024-11-13T22:26:30.577445" level="INFO">Clicking element '//span[text()="Intermediate" and @x-text="option.value"]'.</msg>
<arg>${proeficiencia_intermediate}</arg>
<doc>Click the element identified by ``locator``.</doc>
<status status="PASS" start="2024-11-13T22:26:30.577445" elapsed="0.067230"/>
</kw>
<status status="PASS" start="2024-11-13T22:26:29.547861" elapsed="1.097894"/>
</kw>
<kw name="Então deve ser retornada a mensagem &quot;Marque essa caixa se quiser continuar.&quot;" owner="cadastro_exception_steps">
<kw name="Wait Until Element Is Visible" owner="SeleniumLibrary">
<arg>${button_proximo}</arg>
<doc>Waits until the element ``locator`` is visible.</doc>
<status status="PASS" start="2024-11-13T22:26:30.645755" elapsed="0.023738"/>
</kw>
<status status="PASS" start="2024-11-13T22:26:30.645755" elapsed="0.023738"/>
</kw>
<kw name="E devo ser impedido de seguir com o cadastro" owner="settings" type="TEARDOWN">
<kw name="Clicar no botão &quot;Proximo&quot; e fechar navegador" owner="settings">
<kw name="Click Element" owner="SeleniumLibrary">
<msg time="2024-11-13T22:26:30.669493" level="INFO">Clicking element '//button[@id="signup_submit_button_1"]'.</msg>
<arg>${button_proximo}</arg>
<doc>Click the element identified by ``locator``.</doc>
<status status="PASS" start="2024-11-13T22:26:30.669493" elapsed="0.060151"/>
</kw>
<kw name="Sleep" owner="BuiltIn">
<msg time="2024-11-13T22:26:33.729825" level="INFO">Slept 3 seconds.</msg>
<arg>3s</arg>
<doc>Pauses the test executed for the given time.</doc>
<status status="PASS" start="2024-11-13T22:26:30.729644" elapsed="3.000181"/>
</kw>
<kw name="Close Browser" owner="SeleniumLibrary">
<doc>Closes the current browser.</doc>
<status status="PASS" start="2024-11-13T22:26:33.729825" elapsed="2.286126"/>
</kw>
<status status="PASS" start="2024-11-13T22:26:30.669493" elapsed="5.346458"/>
</kw>
<status status="PASS" start="2024-11-13T22:26:30.669493" elapsed="5.346458"/>
</kw>
<status status="PASS" start="2024-11-13T22:26:25.891466" elapsed="10.124485"/>
</test>
<status status="FAIL" start="2024-11-13T22:24:54.619690" elapsed="101.399777"/>
</suite>
<statistics>
<total>
<stat pass="7" fail="2" skip="0">All Tests</stat>
</total>
<tag>
</tag>
<suite>
<stat pass="7" fail="2" skip="0" id="s1" name="TC - Cadastro de usuario exception">TC - Cadastro de usuario exception</stat>
</suite>
</statistics>
<errors>
</errors>
</robot>
